    Checking tokio-rustls v0.26.4
    Checking swe-edge-runtime-message-broker v0.1.0 (C:\phd-systems\swelabs\edge\runtime\main\features\message-broker)
    Checking swe-edge-runtime-actor v0.1.0 (C:\phd-systems\swelabs\edge\runtime\main\features\actor)
error: module has the same name as its containing module
 --> main\features\message-broker\src\api\task_queue\task\mod.rs:1:1
  |
1 | pub mod task;
  | ^^^^^^^^^^^^^
  |
  = help: for further information visit https://rust-lang.github.io/rust-clippy/rust-1.95.0/index.html#module_inception
  = note: `-D clippy::module-inception` implied by `-D warnings`
  = help: to override `-D warnings` add `#[allow(clippy::module_inception)]`

error: module has the same name as its containing module
 --> main\features\message-broker\src\api\task_queue\mod.rs:6:1
  |
6 | pub mod task_queue;
  | ^^^^^^^^^^^^^^^^^^^
  |
  = help: for further information visit https://rust-lang.github.io/rust-clippy/rust-1.95.0/index.html#module_inception

error: trait `Validator` is never used
 --> main\features\actor\src\api\traits.rs:7:11
  |
7 | pub trait Validator {
  |           ^^^^^^^^^
  |
  = note: `-D dead-code` implied by `-D warnings`
  = help: to override `-D warnings` add `#[expect(dead_code)]` or `#[allow(dead_code)]`

error: could not compile `swe-edge-runtime-message-broker` (lib) due to 2 previous errors
warning: build failed, waiting for other jobs to finish...
error: could not compile `swe-edge-runtime-actor` (lib) due to 1 previous error
